{
  "alpaca_cash": 100000.0,
  "alpaca_portfolio_value": 100000.0,
  "dry_run": false,
  "open_or_pending_positions": 0,
  "skipped": "no_action_window",
  "slot": "share_ext_1935",
  "timestamp_et": "2026-05-10T19:37:34.996235-04:00"
}
{
  "alpaca_cash": 100000.0,
  "alpaca_portfolio_value": 100000.0,
  "dry_run": false,
  "open_or_pending_positions": 0,
  "skipped": "no_action_window",
  "slot": "share_ext_1940",
  "timestamp_et": "2026-05-10T19:42:38.025389-04:00"
}
{
  "alpaca_cash": 100000.0,
  "alpaca_portfolio_value": 100000.0,
  "dry_run": false,
  "open_or_pending_positions": 0,
  "skipped": "no_action_window",
  "slot": "share_ext_1945",
  "timestamp_et": "2026-05-10T19:47:40.840175-04:00"
}
{
  "alpaca_cash": 100000.0,
  "alpaca_portfolio_value": 100000.0,
  "dry_run": false,
  "open_or_pending_positions": 0,
  "skipped": "no_action_window",
  "slot": "share_ext_1950",
  "timestamp_et": "2026-05-10T19:52:43.634396-04:00"
}
{
  "alpaca_cash": 100000.0,
  "alpaca_portfolio_value": 100000.0,
  "dry_run": false,
  "open_or_pending_positions": 0,
  "skipped": "no_action_window",
  "slot": "share_ext_1955",
  "timestamp_et": "2026-05-10T19:57:46.398646-04:00"
}
{
  "alpaca_cash": 100000.0,
  "alpaca_portfolio_value": 100000.0,
  "dry_run": false,
  "open_or_pending_positions": 0,
  "skipped": "no_action_window",
  "slot": "share_ext_2000",
  "timestamp_et": "2026-05-10T20:02:49.171446-04:00"
}
{
  "alpaca_cash": 100000.0,
  "alpaca_portfolio_value": 100000.0,
  "dry_run": false,
  "open_or_pending_positions": 0,
  "skipped": "no_action_window",
  "slot": "share_ext_2005",
  "timestamp_et": "2026-05-10T20:07:51.936459-04:00"
}
{
  "alpaca_cash": 100000.0,
  "alpaca_portfolio_value": 100000.0,
  "dry_run": false,
  "open_or_pending_positions": 0,
  "skipped": "no_action_window",
  "slot": "share_ext_2010",
  "timestamp_et": "2026-05-10T20:12:54.776972-04:00"
}
{
  "alpaca_cash": 100000.0,
  "alpaca_portfolio_value": 100000.0,
  "dry_run": false,
  "open_or_pending_positions": 0,
  "skipped": "no_action_window",
  "slot": "share_ext_2015",
  "timestamp_et": "2026-05-10T20:17:57.484151-04:00"
}
{
  "alpaca_cash": 100000.0,
  "alpaca_portfolio_value": 100000.0,
  "dry_run": false,
  "open_or_pending_positions": 0,
  "skipped": "no_action_window",
  "slot": "share_ext_2020",
  "timestamp_et": "2026-05-10T20:23:00.179899-04:00"
}
{
  "alpaca_cash": 100000.0,
  "alpaca_portfolio_value": 100000.0,
  "dry_run": false,
  "open_or_pending_positions": 0,
  "skipped": "no_action_window",
  "slot": "share_ext_2025",
  "timestamp_et": "2026-05-10T20:28:02.723630-04:00"
}
{
  "alpaca_cash": 100000.0,
  "alpaca_portfolio_value": 100000.0,
  "dry_run": false,
  "open_or_pending_positions": 0,
  "skipped": "no_action_window",
  "slot": "share_ext_2030",
  "timestamp_et": "2026-05-10T20:33:05.404975-04:00"
}
{
  "alpaca_cash": 100000.0,
  "alpaca_portfolio_value": 100000.0,
  "dry_run": false,
  "open_or_pending_positions": 0,
  "skipped": "no_action_window",
  "slot": "share_ext_2035",
  "timestamp_et": "2026-05-10T20:38:08.006379-04:00"
}
{
  "alpaca_cash": 100000.0,
  "alpaca_portfolio_value": 100000.0,
  "dry_run": false,
  "open_or_pending_positions": 0,
  "skipped": "no_action_window",
  "slot": "share_ext_2040",
  "timestamp_et": "2026-05-10T20:43:10.461931-04:00"
}
{
  "alpaca_cash": 100000.0,
  "alpaca_portfolio_value": 100000.0,
  "dry_run": false,
  "open_or_pending_positions": 0,
  "skipped": "no_action_window",
  "slot": "share_ext_2045",
  "timestamp_et": "2026-05-10T20:48:13.183850-04:00"
}
{
  "alpaca_cash": 100000.0,
  "alpaca_portfolio_value": 100000.0,
  "dry_run": false,
  "open_or_pending_positions": 0,
  "skipped": "no_action_window",
  "slot": "share_ext_2050",
  "timestamp_et": "2026-05-10T20:53:15.909425-04:00"
}
{
  "alpaca_cash": 100000.0,
  "alpaca_portfolio_value": 100000.0,
  "dry_run": false,
  "open_or_pending_positions": 0,
  "skipped": "no_action_window",
  "slot": "share_ext_2055",
  "timestamp_et": "2026-05-10T20:58:18.632459-04:00"
}
{
  "alpaca_cash": 100000.0,
  "alpaca_portfolio_value": 100000.0,
  "dry_run": false,
  "open_or_pending_positions": 0,
  "skipped": "no_action_window",
  "slot": "share_ext_2100",
  "timestamp_et": "2026-05-10T21:03:21.294553-04:00"
}
{
  "alpaca_cash": 100000.0,
  "alpaca_portfolio_value": 100000.0,
  "dry_run": false,
  "open_or_pending_positions": 0,
  "skipped": "no_action_window",
  "slot": "share_ext_2105",
  "timestamp_et": "2026-05-10T21:08:23.833344-04:00"
}
{
  "alpaca_cash": 100000.0,
  "alpaca_portfolio_value": 100000.0,
  "dry_run": false,
  "open_or_pending_positions": 0,
  "skipped": "no_action_window",
  "slot": "share_ext_2110",
  "timestamp_et": "2026-05-10T21:13:26.384707-04:00"
}
{
  "alpaca_cash": 100000.0,
  "alpaca_portfolio_value": 100000.0,
  "dry_run": false,
  "open_or_pending_positions": 0,
  "skipped": "no_action_window",
  "slot": "share_ext_2115",
  "timestamp_et": "2026-05-10T21:18:28.922786-04:00"
}
{
  "alpaca_cash": 100000.0,
  "alpaca_portfolio_value": 100000.0,
  "dry_run": false,
  "open_or_pending_positions": 0,
  "skipped": "no_action_window",
  "slot": "share_ext_2120",
  "timestamp_et": "2026-05-10T21:23:31.447762-04:00"
}
{
  "alpaca_cash": 100000.0,
  "alpaca_portfolio_value": 100000.0,
  "dry_run": false,
  "open_or_pending_positions": 0,
  "skipped": "no_action_window",
  "slot": "share_ext_2125",
  "timestamp_et": "2026-05-10T21:28:34.153807-04:00"
}
{
  "alpaca_cash": 100000.0,
  "alpaca_portfolio_value": 100000.0,
  "dry_run": false,
  "open_or_pending_positions": 0,
  "skipped": "no_action_window",
  "slot": "share_ext_2130",
  "timestamp_et": "2026-05-10T21:33:36.915977-04:00"
}
{
  "alpaca_cash": 100000.0,
  "alpaca_portfolio_value": 100000.0,
  "dry_run": false,
  "open_or_pending_positions": 0,
  "skipped": "no_action_window",
  "slot": "share_ext_2135",
  "timestamp_et": "2026-05-10T21:38:39.499013-04:00"
}
{
  "alpaca_cash": 100000.0,
  "alpaca_portfolio_value": 100000.0,
  "dry_run": false,
  "open_or_pending_positions": 0,
  "skipped": "no_action_window",
  "slot": "share_ext_2140",
  "timestamp_et": "2026-05-10T21:43:42.040508-04:00"
}
{
  "alpaca_cash": 100000.0,
  "alpaca_portfolio_value": 100000.0,
  "dry_run": false,
  "open_or_pending_positions": 0,
  "skipped": "no_action_window",
  "slot": "share_ext_2145",
  "timestamp_et": "2026-05-10T21:48:44.728901-04:00"
}
{
  "alpaca_cash": 100000.0,
  "alpaca_portfolio_value": 100000.0,
  "dry_run": false,
  "open_or_pending_positions": 0,
  "skipped": "no_action_window",
  "slot": "share_ext_2340",
  "timestamp_et": "2026-05-10T23:41:53.212803-04:00"
}
{
  "alpaca_cash": 100000.0,
  "alpaca_portfolio_value": 100000.0,
  "dry_run": false,
  "open_or_pending_positions": 0,
  "skipped": "no_action_window",
  "slot": "share_ext_2345",
  "timestamp_et": "2026-05-10T23:46:58.449650-04:00"
}
{
  "alpaca_cash": 100000.0,
  "alpaca_portfolio_value": 100000.0,
  "dry_run": false,
  "open_or_pending_positions": 0,
  "skipped": "no_action_window",
  "slot": "share_ext_2350",
  "timestamp_et": "2026-05-10T23:52:01.319033-04:00"
}
{
  "alpaca_cash": 100000.0,
  "alpaca_portfolio_value": 100000.0,
  "dry_run": false,
  "open_or_pending_positions": 0,
  "skipped": "no_action_window",
  "slot": "share_ext_2355",
  "timestamp_et": "2026-05-10T23:57:04.191558-04:00"
}
{
  "alpaca_cash": 100000.0,
  "alpaca_portfolio_value": 100000.0,
  "dry_run": false,
  "open_or_pending_positions": 0,
  "skipped": "no_action_window",
  "slot": "share_ext_0000",
  "timestamp_et": "2026-05-11T00:02:07.459595-04:00"
}
{
  "alpaca_cash": 100000.0,
  "alpaca_portfolio_value": 100000.0,
  "dry_run": false,
  "open_or_pending_positions": 0,
  "skipped": "no_action_window",
  "slot": "share_ext_0005",
  "timestamp_et": "2026-05-11T00:07:10.113448-04:00"
}
{
  "alpaca_cash": 100000.0,
  "alpaca_portfolio_value": 100000.0,
  "dry_run": false,
  "open_or_pending_positions": 0,
  "skipped": "no_action_window",
  "slot": "share_ext_0010",
  "timestamp_et": "2026-05-11T00:12:12.783665-04:00"
}
{
  "alpaca_cash": 100000.0,
  "alpaca_portfolio_value": 100000.0,
  "dry_run": false,
  "open_or_pending_positions": 0,
  "skipped": "no_action_window",
  "slot": "share_ext_0015",
  "timestamp_et": "2026-05-11T00:17:15.453595-04:00"
}
{
  "alpaca_cash": 100000.0,
  "alpaca_portfolio_value": 100000.0,
  "dry_run": false,
  "open_or_pending_positions": 0,
  "skipped": "no_action_window",
  "slot": "share_ext_0020",
  "timestamp_et": "2026-05-11T00:22:18.187556-04:00"
}
{
  "alpaca_cash": 100000.0,
  "alpaca_portfolio_value": 100000.0,
  "dry_run": false,
  "open_or_pending_positions": 0,
  "skipped": "no_action_window",
  "slot": "share_ext_0025",
  "timestamp_et": "2026-05-11T00:27:22.804082-04:00"
}
{
  "alpaca_cash": 100000.0,
  "alpaca_portfolio_value": 100000.0,
  "dry_run": false,
  "open_or_pending_positions": 0,
  "skipped": "no_action_window",
  "slot": "share_ext_0030",
  "timestamp_et": "2026-05-11T00:32:27.447890-04:00"
}
{
  "alpaca_cash": 100000.0,
  "alpaca_portfolio_value": 100000.0,
  "dry_run": false,
  "open_or_pending_positions": 0,
  "skipped": "no_action_window",
  "slot": "share_ext_0035",
  "timestamp_et": "2026-05-11T00:37:30.089900-04:00"
}
{
  "alpaca_cash": 100000.0,
  "alpaca_portfolio_value": 100000.0,
  "dry_run": false,
  "open_or_pending_positions": 0,
  "skipped": "no_action_window",
  "slot": "share_ext_0040",
  "timestamp_et": "2026-05-11T00:42:32.839048-04:00"
}
{
  "alpaca_cash": 100000.0,
  "alpaca_portfolio_value": 100000.0,
  "dry_run": false,
  "open_or_pending_positions": 0,
  "skipped": "no_action_window",
  "slot": "share_ext_0045",
  "timestamp_et": "2026-05-11T00:47:35.525702-04:00"
}
{
  "alpaca_cash": 100000.0,
  "alpaca_portfolio_value": 100000.0,
  "dry_run": false,
  "open_or_pending_positions": 0,
  "skipped": "no_action_window",
  "slot": "share_ext_0050",
  "timestamp_et": "2026-05-11T00:52:38.220884-04:00"
}
{
  "alpaca_cash": 100000.0,
  "alpaca_portfolio_value": 100000.0,
  "dry_run": false,
  "open_or_pending_positions": 0,
  "skipped": "no_action_window",
  "slot": "share_ext_0055",
  "timestamp_et": "2026-05-11T00:57:40.940678-04:00"
}
{
  "alpaca_cash": 100000.0,
  "alpaca_portfolio_value": 100000.0,
  "dry_run": false,
  "open_or_pending_positions": 0,
  "skipped": "no_action_window",
  "slot": "share_ext_0100",
  "timestamp_et": "2026-05-11T01:02:43.664575-04:00"
}
{
  "alpaca_cash": 100000.0,
  "alpaca_portfolio_value": 100000.0,
  "dry_run": false,
  "open_or_pending_positions": 0,
  "skipped": "no_action_window",
  "slot": "share_ext_0105",
  "timestamp_et": "2026-05-11T01:07:48.373230-04:00"
}
{
  "alpaca_cash": 100000.0,
  "alpaca_portfolio_value": 100000.0,
  "dry_run": false,
  "open_or_pending_positions": 0,
  "skipped": "no_action_window",
  "slot": "share_ext_0110",
  "timestamp_et": "2026-05-11T01:12:51.179476-04:00"
}
{
  "alpaca_cash": 100000.0,
  "alpaca_portfolio_value": 100000.0,
  "dry_run": false,
  "open_or_pending_positions": 0,
  "skipped": "no_action_window",
  "slot": "share_ext_0115",
  "timestamp_et": "2026-05-11T01:17:55.859161-04:00"
}
{
  "alpaca_cash": 100000.0,
  "alpaca_portfolio_value": 100000.0,
  "dry_run": false,
  "open_or_pending_positions": 0,
  "skipped": "no_action_window",
  "slot": "share_ext_0120",
  "timestamp_et": "2026-05-11T01:22:58.507576-04:00"
}
{
  "alpaca_cash": 100000.0,
  "alpaca_portfolio_value": 100000.0,
  "dry_run": false,
  "open_or_pending_positions": 0,
  "skipped": "no_action_window",
  "slot": "share_ext_0125",
  "timestamp_et": "2026-05-11T01:28:00.827022-04:00"
}
{
  "alpaca_cash": 100000.0,
  "alpaca_portfolio_value": 100000.0,
  "dry_run": false,
  "open_or_pending_positions": 0,
  "skipped": "no_action_window",
  "slot": "share_ext_0130",
  "timestamp_et": "2026-05-11T01:33:03.617788-04:00"
}
{
  "alpaca_cash": 100000.0,
  "alpaca_portfolio_value": 100000.0,
  "dry_run": false,
  "open_or_pending_positions": 0,
  "skipped": "no_action_window",
  "slot": "share_ext_0135",
  "timestamp_et": "2026-05-11T01:38:06.293481-04:00"
}
{
  "alpaca_cash": 100000.0,
  "alpaca_portfolio_value": 100000.0,
  "dry_run": false,
  "open_or_pending_positions": 0,
  "skipped": "no_action_window",
  "slot": "share_ext_0140",
  "timestamp_et": "2026-05-11T01:43:09.017654-04:00"
}
{
  "alpaca_cash": 100000.0,
  "alpaca_portfolio_value": 100000.0,
  "dry_run": false,
  "open_or_pending_positions": 0,
  "skipped": "no_action_window",
  "slot": "share_ext_0145",
  "timestamp_et": "2026-05-11T01:48:11.695912-04:00"
}
{
  "alpaca_cash": 100000.0,
  "alpaca_portfolio_value": 100000.0,
  "dry_run": false,
  "open_or_pending_positions": 0,
  "skipped": "no_action_window",
  "slot": "share_ext_0150",
  "timestamp_et": "2026-05-11T01:53:14.222674-04:00"
}
{
  "alpaca_cash": 100000.0,
  "alpaca_portfolio_value": 100000.0,
  "dry_run": false,
  "open_or_pending_positions": 0,
  "skipped": "no_action_window",
  "slot": "share_ext_0155",
  "timestamp_et": "2026-05-11T01:58:16.747862-04:00"
}
{
  "alpaca_cash": 100000.0,
  "alpaca_portfolio_value": 100000.0,
  "dry_run": false,
  "open_or_pending_positions": 0,
  "skipped": "no_action_window",
  "slot": "share_ext_0200",
  "timestamp_et": "2026-05-11T02:03:19.484289-04:00"
}
{
  "alpaca_cash": 100000.0,
  "alpaca_portfolio_value": 100000.0,
  "dry_run": false,
  "open_or_pending_positions": 0,
  "skipped": "no_action_window",
  "slot": "share_ext_0205",
  "timestamp_et": "2026-05-11T02:08:22.221984-04:00"
}
{
  "alpaca_cash": 100000.0,
  "alpaca_portfolio_value": 100000.0,
  "dry_run": false,
  "open_or_pending_positions": 0,
  "skipped": "no_action_window",
  "slot": "share_ext_0210",
  "timestamp_et": "2026-05-11T02:13:24.794269-04:00"
}
{
  "alpaca_cash": 100000.0,
  "alpaca_portfolio_value": 100000.0,
  "dry_run": false,
  "open_or_pending_positions": 0,
  "skipped": "no_action_window",
  "slot": "share_ext_0215",
  "timestamp_et": "2026-05-11T02:18:27.516119-04:00"
}
{
  "alpaca_cash": 100000.0,
  "alpaca_portfolio_value": 100000.0,
  "dry_run": false,
  "open_or_pending_positions": 0,
  "skipped": "no_action_window",
  "slot": "share_ext_0220",
  "timestamp_et": "2026-05-11T02:23:30.204887-04:00"
}
{
  "alpaca_cash": 100000.0,
  "alpaca_portfolio_value": 100000.0,
  "dry_run": false,
  "open_or_pending_positions": 0,
  "skipped": "no_action_window",
  "slot": "share_ext_0225",
  "timestamp_et": "2026-05-11T02:28:32.864895-04:00"
}
{
  "alpaca_cash": 100000.0,
  "alpaca_portfolio_value": 100000.0,
  "dry_run": false,
  "open_or_pending_positions": 0,
  "skipped": "no_action_window",
  "slot": "share_ext_0230",
  "timestamp_et": "2026-05-11T02:33:35.490658-04:00"
}
{
  "alpaca_cash": 100000.0,
  "alpaca_portfolio_value": 100000.0,
  "dry_run": false,
  "open_or_pending_positions": 0,
  "skipped": "no_action_window",
  "slot": "share_ext_0235",
  "timestamp_et": "2026-05-11T02:38:38.155141-04:00"
}
{
  "alpaca_cash": 100000.0,
  "alpaca_portfolio_value": 100000.0,
  "dry_run": false,
  "open_or_pending_positions": 0,
  "skipped": "no_action_window",
  "slot": "share_ext_0240",
  "timestamp_et": "2026-05-11T02:43:42.660186-04:00"
}
{
  "alpaca_cash": 100000.0,
  "alpaca_portfolio_value": 100000.0,
  "dry_run": false,
  "open_or_pending_positions": 0,
  "skipped": "no_action_window",
  "slot": "share_ext_0245",
  "timestamp_et": "2026-05-11T02:48:45.383471-04:00"
}
{
  "alpaca_cash": 100000.0,
  "alpaca_portfolio_value": 100000.0,
  "dry_run": false,
  "open_or_pending_positions": 0,
  "skipped": "no_action_window",
  "slot": "share_ext_0250",
  "timestamp_et": "2026-05-11T02:53:47.861227-04:00"
}
{
  "alpaca_cash": 100000.0,
  "alpaca_portfolio_value": 100000.0,
  "dry_run": false,
  "open_or_pending_positions": 0,
  "skipped": "no_action_window",
  "slot": "share_ext_0255",
  "timestamp_et": "2026-05-11T02:58:50.383837-04:00"
}
{
  "alpaca_cash": 100000.0,
  "alpaca_portfolio_value": 100000.0,
  "dry_run": false,
  "open_or_pending_positions": 0,
  "skipped": "no_action_window",
  "slot": "share_ext_0300",
  "timestamp_et": "2026-05-11T03:03:53.031061-04:00"
}
{
  "alpaca_cash": 100000.0,
  "alpaca_portfolio_value": 100000.0,
  "dry_run": false,
  "open_or_pending_positions": 0,
  "skipped": "no_action_window",
  "slot": "share_ext_0305",
  "timestamp_et": "2026-05-11T03:08:55.667527-04:00"
}
{
  "alpaca_cash": 100000.0,
  "alpaca_portfolio_value": 100000.0,
  "dry_run": false,
  "open_or_pending_positions": 0,
  "skipped": "no_action_window",
  "slot": "share_ext_0310",
  "timestamp_et": "2026-05-11T03:13:58.343767-04:00"
}
{
  "alpaca_cash": 100000.0,
  "alpaca_portfolio_value": 100000.0,
  "dry_run": false,
  "open_or_pending_positions": 0,
  "skipped": "no_action_window",
  "slot": "share_ext_0315",
  "timestamp_et": "2026-05-11T03:19:01.027679-04:00"
}
{
  "alpaca_cash": 100000.0,
  "alpaca_portfolio_value": 100000.0,
  "dry_run": false,
  "open_or_pending_positions": 0,
  "skipped": "no_action_window",
  "slot": "share_ext_0320",
  "timestamp_et": "2026-05-11T03:24:03.713356-04:00"
}
{
  "alpaca_cash": 100000.0,
  "alpaca_portfolio_value": 100000.0,
  "dry_run": false,
  "open_or_pending_positions": 0,
  "skipped": "no_action_window",
  "slot": "share_ext_0325",
  "timestamp_et": "2026-05-11T03:29:06.410417-04:00"
}
{
  "alpaca_cash": 100000.0,
  "alpaca_portfolio_value": 100000.0,
  "dry_run": false,
  "open_or_pending_positions": 0,
  "skipped": "no_action_window",
  "slot": "share_ext_0330",
  "timestamp_et": "2026-05-11T03:34:09.073488-04:00"
}
{
  "alpaca_cash": 100000.0,
  "alpaca_portfolio_value": 100000.0,
  "dry_run": false,
  "open_or_pending_positions": 0,
  "skipped": "no_action_window",
  "slot": "share_ext_0335",
  "timestamp_et": "2026-05-11T03:39:11.790440-04:00"
}
{
  "alpaca_cash": 100000.0,
  "alpaca_portfolio_value": 100000.0,
  "dry_run": false,
  "open_or_pending_positions": 0,
  "skipped": "no_action_window",
  "slot": "share_ext_0340",
  "timestamp_et": "2026-05-11T03:44:16.483597-04:00"
}
{
  "alpaca_cash": 100000.0,
  "alpaca_portfolio_value": 100000.0,
  "dry_run": false,
  "open_or_pending_positions": 0,
  "skipped": "no_action_window",
  "slot": "share_ext_0345",
  "timestamp_et": "2026-05-11T03:49:19.195191-04:00"
}
{
  "alpaca_cash": 100000.0,
  "alpaca_portfolio_value": 100000.0,
  "dry_run": false,
  "open_or_pending_positions": 0,
  "skipped": "no_action_window",
  "slot": "share_ext_0350",
  "timestamp_et": "2026-05-11T03:54:21.710222-04:00"
}
{
  "alpaca_cash": 100000.0,
  "alpaca_portfolio_value": 100000.0,
  "dry_run": false,
  "open_or_pending_positions": 0,
  "skipped": "no_action_window",
  "slot": "share_ext_0355",
  "timestamp_et": "2026-05-11T03:59:24.379935-04:00"
}
{
  "alpaca_cash": 100000.0,
  "alpaca_portfolio_value": 100000.0,
  "dry_run": false,
  "open_or_pending_positions": 0,
  "skipped": "no_action_window",
  "slot": "share_ext_0400",
  "timestamp_et": "2026-05-11T04:04:27.086224-04:00"
}
{
  "alpaca_cash": 100000.0,
  "alpaca_portfolio_value": 100000.0,
  "dry_run": false,
  "open_or_pending_positions": 0,
  "skipped": "no_action_window",
  "slot": "share_ext_0405",
  "timestamp_et": "2026-05-11T04:09:29.774202-04:00"
}
{
  "alpaca_cash": 100000.0,
  "alpaca_portfolio_value": 100000.0,
  "dry_run": false,
  "open_or_pending_positions": 0,
  "skipped": "no_action_window",
  "slot": "share_ext_0410",
  "timestamp_et": "2026-05-11T04:14:32.483988-04:00"
}
{
  "alpaca_cash": 100000.0,
  "alpaca_portfolio_value": 100000.0,
  "dry_run": false,
  "open_or_pending_positions": 0,
  "skipped": "no_action_window",
  "slot": "share_ext_0415",
  "timestamp_et": "2026-05-11T04:19:37.018542-04:00"
}
{
  "alpaca_cash": 100000.0,
  "alpaca_portfolio_value": 100000.0,
  "dry_run": false,
  "open_or_pending_positions": 0,
  "skipped": "no_action_window",
  "slot": "share_ext_0420",
  "timestamp_et": "2026-05-11T04:24:39.623560-04:00"
}
{
  "alpaca_cash": 100000.0,
  "alpaca_portfolio_value": 100000.0,
  "dry_run": false,
  "open_or_pending_positions": 0,
  "skipped": "no_action_window",
  "slot": "share_ext_0425",
  "timestamp_et": "2026-05-11T04:29:42.249537-04:00"
}
{
  "alpaca_cash": 100000.0,
  "alpaca_portfolio_value": 100000.0,
  "dry_run": false,
  "open_or_pending_positions": 0,
  "skipped": "no_action_window",
  "slot": "share_ext_0430",
  "timestamp_et": "2026-05-11T04:34:44.906067-04:00"
}
{
  "alpaca_cash": 100000.0,
  "alpaca_portfolio_value": 100000.0,
  "dry_run": false,
  "open_or_pending_positions": 0,
  "skipped": "no_action_window",
  "slot": "share_ext_0435",
  "timestamp_et": "2026-05-11T04:39:47.484212-04:00"
}
{
  "alpaca_cash": 100000.0,
  "alpaca_portfolio_value": 100000.0,
  "dry_run": false,
  "open_or_pending_positions": 0,
  "skipped": "no_action_window",
  "slot": "share_ext_0440",
  "timestamp_et": "2026-05-11T04:44:50.167555-04:00"
}
{
  "alpaca_cash": 100000.0,
  "alpaca_portfolio_value": 100000.0,
  "dry_run": false,
  "open_or_pending_positions": 0,
  "skipped": "no_action_window",
  "slot": "share_ext_0445",
  "timestamp_et": "2026-05-11T04:49:52.835063-04:00"
}
{
  "alpaca_cash": 100000.0,
  "alpaca_portfolio_value": 100000.0,
  "dry_run": false,
  "open_or_pending_positions": 0,
  "skipped": "no_action_window",
  "slot": "share_ext_0450",
  "timestamp_et": "2026-05-11T04:54:55.207711-04:00"
}
{
  "alpaca_cash": 100000.0,
  "alpaca_portfolio_value": 100000.0,
  "dry_run": false,
  "open_or_pending_positions": 0,
  "skipped": "no_action_window",
  "slot": "share_ext_0455",
  "timestamp_et": "2026-05-11T04:59:57.703379-04:00"
}
{
  "alpaca_cash": 100000.0,
  "alpaca_portfolio_value": 100000.0,
  "dry_run": false,
  "open_or_pending_positions": 0,
  "skipped": "no_action_window",
  "slot": "share_ext_0505",
  "timestamp_et": "2026-05-11T05:05:00.204918-04:00"
}
{
  "alpaca_cash": 100000.0,
  "alpaca_portfolio_value": 100000.0,
  "dry_run": false,
  "open_or_pending_positions": 0,
  "skipped": "no_action_window",
  "slot": "share_ext_0510",
  "timestamp_et": "2026-05-11T05:10:02.898577-04:00"
}
{
  "alpaca_cash": 100000.0,
  "alpaca_portfolio_value": 100000.0,
  "dry_run": false,
  "open_or_pending_positions": 0,
  "skipped": "no_action_window",
  "slot": "share_ext_0515",
  "timestamp_et": "2026-05-11T05:15:05.397027-04:00"
}
{
  "alpaca_cash": 100000.0,
  "alpaca_portfolio_value": 100000.0,
  "dry_run": false,
  "open_or_pending_positions": 0,
  "skipped": "no_action_window",
  "slot": "share_ext_0520",
  "timestamp_et": "2026-05-11T05:20:07.904009-04:00"
}
{
  "alpaca_cash": 100000.0,
  "alpaca_portfolio_value": 100000.0,
  "dry_run": false,
  "open_or_pending_positions": 0,
  "skipped": "no_action_window",
  "slot": "share_ext_0525",
  "timestamp_et": "2026-05-11T05:25:10.416871-04:00"
}
{
  "alpaca_cash": 100000.0,
  "alpaca_portfolio_value": 100000.0,
  "dry_run": false,
  "open_or_pending_positions": 0,
  "skipped": "no_action_window",
  "slot": "share_ext_0530",
  "timestamp_et": "2026-05-11T05:30:12.783104-04:00"
}
{
  "alpaca_cash": 100000.0,
  "alpaca_portfolio_value": 100000.0,
  "dry_run": false,
  "open_or_pending_positions": 0,
  "skipped": "no_action_window",
  "slot": "share_ext_0535",
  "timestamp_et": "2026-05-11T05:35:15.482431-04:00"
}
{
  "alpaca_cash": 100000.0,
  "alpaca_portfolio_value": 100000.0,
  "dry_run": false,
  "open_or_pending_positions": 0,
  "skipped": "no_action_window",
  "slot": "share_ext_0540",
  "timestamp_et": "2026-05-11T05:40:17.998377-04:00"
}
{
  "alpaca_cash": 100000.0,
  "alpaca_portfolio_value": 100000.0,
  "dry_run": false,
  "open_or_pending_positions": 0,
  "skipped": "no_action_window",
  "slot": "share_ext_0545",
  "timestamp_et": "2026-05-11T05:45:21.599965-04:00"
}
{
  "alpaca_cash": 100000.0,
  "alpaca_portfolio_value": 100000.0,
  "dry_run": false,
  "open_or_pending_positions": 0,
  "skipped": "no_action_window",
  "slot": "share_ext_0550",
  "timestamp_et": "2026-05-11T05:50:24.284885-04:00"
}
{
  "alpaca_cash": 100000.0,
  "alpaca_portfolio_value": 100000.0,
  "dry_run": false,
  "open_or_pending_positions": 0,
  "skipped": "no_action_window",
  "slot": "share_ext_0555",
  "timestamp_et": "2026-05-11T05:55:26.825529-04:00"
}
{
  "alpaca_cash": 100000.0,
  "alpaca_portfolio_value": 100000.0,
  "dry_run": false,
  "open_or_pending_positions": 0,
  "skipped": "no_action_window",
  "slot": "share_ext_0600",
  "timestamp_et": "2026-05-11T06:00:29.361699-04:00"
}
{
  "alpaca_cash": 100000.0,
  "alpaca_portfolio_value": 100000.0,
  "dry_run": false,
  "open_or_pending_positions": 0,
  "skipped": "no_action_window",
  "slot": "share_ext_0605",
  "timestamp_et": "2026-05-11T06:05:31.850454-04:00"
}
{
  "alpaca_cash": 100000.0,
  "alpaca_portfolio_value": 100000.0,
  "dry_run": false,
  "open_or_pending_positions": 0,
  "skipped": "no_action_window",
  "slot": "share_ext_0610",
  "timestamp_et": "2026-05-11T06:10:34.533222-04:00"
}
{
  "alpaca_cash": 100000.0,
  "alpaca_portfolio_value": 100000.0,
  "dry_run": false,
  "open_or_pending_positions": 0,
  "skipped": "no_action_window",
  "slot": "share_ext_0615",
  "timestamp_et": "2026-05-11T06:15:37.143074-04:00"
}
{
  "alpaca_cash": 100000.0,
  "alpaca_portfolio_value": 100000.0,
  "dry_run": false,
  "open_or_pending_positions": 0,
  "skipped": "no_action_window",
  "slot": "share_ext_0620",
  "timestamp_et": "2026-05-11T06:20:39.823045-04:00"
}
{
  "alpaca_cash": 100000.0,
  "alpaca_portfolio_value": 100000.0,
  "dry_run": false,
  "open_or_pending_positions": 0,
  "skipped": "no_action_window",
  "slot": "share_ext_0625",
  "timestamp_et": "2026-05-11T06:25:42.449906-04:00"
}
{
  "alpaca_cash": 100000.0,
  "alpaca_portfolio_value": 100000.0,
  "dry_run": false,
  "open_or_pending_positions": 0,
  "skipped": "no_action_window",
  "slot": "share_ext_0630",
  "timestamp_et": "2026-05-11T06:30:45.127498-04:00"
}
{
  "alpaca_cash": 100000.0,
  "alpaca_portfolio_value": 100000.0,
  "dry_run": false,
  "open_or_pending_positions": 0,
  "skipped": "no_action_window",
  "slot": "share_ext_0635",
  "timestamp_et": "2026-05-11T06:35:47.812706-04:00"
}
{
  "alpaca_cash": 100000.0,
  "alpaca_portfolio_value": 100000.0,
  "dry_run": false,
  "open_or_pending_positions": 0,
  "skipped": "no_action_window",
  "slot": "share_ext_0640",
  "timestamp_et": "2026-05-11T06:40:50.664238-04:00"
}
{
  "alpaca_cash": 100000.0,
  "alpaca_portfolio_value": 100000.0,
  "dry_run": false,
  "open_or_pending_positions": 0,
  "skipped": "no_action_window",
  "slot": "share_ext_0645",
  "timestamp_et": "2026-05-11T06:45:55.222890-04:00"
}
{
  "alpaca_cash": 100000.0,
  "alpaca_portfolio_value": 100000.0,
  "dry_run": false,
  "open_or_pending_positions": 0,
  "skipped": "no_action_window",
  "slot": "share_ext_0650",
  "timestamp_et": "2026-05-11T06:50:57.735347-04:00"
}
{
  "alpaca_cash": 100000.0,
  "alpaca_portfolio_value": 100000.0,
  "dry_run": false,
  "open_or_pending_positions": 0,
  "skipped": "no_action_window",
  "slot": "share_ext_0655",
  "timestamp_et": "2026-05-11T06:55:59.848778-04:00"
}
{
  "alpaca_cash": 100000.0,
  "alpaca_portfolio_value": 100000.0,
  "dry_run": false,
  "open_or_pending_positions": 0,
  "skipped": "no_action_window",
  "slot": "share_ext_0700",
  "timestamp_et": "2026-05-11T07:01:02.309756-04:00"
}
{
  "alpaca_cash": 100000.0,
  "alpaca_portfolio_value": 100000.0,
  "dry_run": false,
  "open_or_pending_positions": 0,
  "skipped": "no_action_window",
  "slot": "share_ext_0705",
  "timestamp_et": "2026-05-11T07:06:06.727102-04:00"
}
{
  "alpaca_cash": 100000.0,
  "alpaca_portfolio_value": 100000.0,
  "dry_run": false,
  "open_or_pending_positions": 0,
  "skipped": "no_action_window",
  "slot": "share_ext_0710",
  "timestamp_et": "2026-05-11T07:11:09.198110-04:00"
}
{
  "alpaca_cash": 100000.0,
  "alpaca_portfolio_value": 100000.0,
  "dry_run": false,
  "open_or_pending_positions": 0,
  "skipped": "no_action_window",
  "slot": "share_ext_0715",
  "timestamp_et": "2026-05-11T07:16:13.377130-04:00"
}
{
  "alpaca_cash": 100000.0,
  "alpaca_portfolio_value": 100000.0,
  "dry_run": false,
  "open_or_pending_positions": 0,
  "skipped": "no_action_window",
  "slot": "share_ext_0720",
  "timestamp_et": "2026-05-11T07:21:15.735956-04:00"
}
{
  "alpaca_cash": 100000.0,
  "alpaca_portfolio_value": 100000.0,
  "dry_run": false,
  "open_or_pending_positions": 0,
  "skipped": "no_action_window",
  "slot": "share_ext_0725",
  "timestamp_et": "2026-05-11T07:26:17.809618-04:00"
}
{
  "alpaca_cash": 100000.0,
  "alpaca_portfolio_value": 100000.0,
  "dry_run": false,
  "open_or_pending_positions": 0,
  "skipped": "no_action_window",
  "slot": "share_ext_0730",
  "timestamp_et": "2026-05-11T07:31:20.224358-04:00"
}
{
  "alpaca_cash": 100000.0,
  "alpaca_portfolio_value": 100000.0,
  "dry_run": false,
  "open_or_pending_positions": 0,
  "skipped": "no_action_window",
  "slot": "share_ext_0735",
  "timestamp_et": "2026-05-11T07:36:22.974538-04:00"
}
{
  "alpaca_cash": 100000.0,
  "alpaca_portfolio_value": 100000.0,
  "dry_run": false,
  "open_or_pending_positions": 0,
  "skipped": "no_action_window",
  "slot": "share_ext_0740",
  "timestamp_et": "2026-05-11T07:41:25.497466-04:00"
}
{
  "alpaca_cash": 100000.0,
  "alpaca_portfolio_value": 100000.0,
  "dry_run": false,
  "open_or_pending_positions": 0,
  "skipped": "no_action_window",
  "slot": "share_ext_0745",
  "timestamp_et": "2026-05-11T07:46:28.187428-04:00"
}
{
  "alpaca_cash": 100000.0,
  "alpaca_portfolio_value": 100000.0,
  "dry_run": false,
  "open_or_pending_positions": 0,
  "skipped": "no_action_window",
  "slot": "share_ext_0750",
  "timestamp_et": "2026-05-11T07:51:30.879318-04:00"
}
{
  "alpaca_cash": 100000.0,
  "alpaca_portfolio_value": 100000.0,
  "dry_run": false,
  "open_or_pending_positions": 0,
  "skipped": "no_action_window",
  "slot": "share_ext_0755",
  "timestamp_et": "2026-05-11T07:56:33.390639-04:00"
}
{
  "alpaca_cash": 100000.0,
  "alpaca_portfolio_value": 100000.0,
  "dry_run": false,
  "open_or_pending_positions": 0,
  "skipped": "no_action_window",
  "slot": "share_ext_0800",
  "timestamp_et": "2026-05-11T08:01:35.867010-04:00"
}
{
  "alpaca_cash": 100000.0,
  "alpaca_portfolio_value": 100000.0,
  "dry_run": false,
  "open_or_pending_positions": 0,
  "skipped": "no_action_window",
  "slot": "share_ext_0805",
  "timestamp_et": "2026-05-11T08:06:38.433978-04:00"
}
{
  "alpaca_cash": 100000.0,
  "alpaca_portfolio_value": 100000.0,
  "dry_run": false,
  "open_or_pending_positions": 0,
  "skipped": "no_action_window",
  "slot": "share_ext_0810",
  "timestamp_et": "2026-05-11T08:11:42.896367-04:00"
}
{
  "alpaca_cash": 100000.0,
  "alpaca_portfolio_value": 100000.0,
  "dry_run": false,
  "open_or_pending_positions": 0,
  "skipped": "no_action_window",
  "slot": "share_ext_0815",
  "timestamp_et": "2026-05-11T08:16:45.440454-04:00"
}
{
  "alpaca_cash": 100000.0,
  "alpaca_portfolio_value": 100000.0,
  "dry_run": false,
  "open_or_pending_positions": 0,
  "skipped": "no_action_window",
  "slot": "share_ext_0820",
  "timestamp_et": "2026-05-11T08:21:48.157226-04:00"
}
{
  "alpaca_cash": 100000.0,
  "alpaca_portfolio_value": 100000.0,
  "dry_run": false,
  "open_or_pending_positions": 0,
  "skipped": "no_action_window",
  "slot": "share_ext_0825",
  "timestamp_et": "2026-05-11T08:26:50.806560-04:00"
}
{
  "alpaca_cash": 100000.0,
  "alpaca_portfolio_value": 100000.0,
  "dry_run": false,
  "open_or_pending_positions": 0,
  "skipped": "no_action_window",
  "slot": "share_ext_0830",
  "timestamp_et": "2026-05-11T08:31:53.417905-04:00"
}
{
  "alpaca_cash": 100000.0,
  "alpaca_portfolio_value": 100000.0,
  "dry_run": false,
  "open_or_pending_positions": 0,
  "skipped": "no_action_window",
  "slot": "share_ext_0835",
  "timestamp_et": "2026-05-11T08:36:56.068974-04:00"
}
{
  "alpaca_cash": 100000.0,
  "alpaca_portfolio_value": 100000.0,
  "dry_run": false,
  "open_or_pending_positions": 0,
  "skipped": "no_action_window",
  "slot": "share_ext_0840",
  "timestamp_et": "2026-05-11T08:41:58.679485-04:00"
}
{
  "alpaca_cash": 100000.0,
  "alpaca_portfolio_value": 100000.0,
  "dry_run": false,
  "open_or_pending_positions": 0,
  "skipped": "no_action_window",
  "slot": "share_ext_0845",
  "timestamp_et": "2026-05-11T08:47:01.369217-04:00"
}
{
  "alpaca_cash": 100000.0,
  "alpaca_portfolio_value": 100000.0,
  "dry_run": false,
  "open_or_pending_positions": 0,
  "skipped": "no_action_window",
  "slot": "share_ext_0850",
  "timestamp_et": "2026-05-11T08:52:04.073116-04:00"
}
{
  "alpaca_cash": 100000.0,
  "alpaca_portfolio_value": 100000.0,
  "dry_run": false,
  "open_or_pending_positions": 0,
  "skipped": "no_action_window",
  "slot": "share_ext_0855",
  "timestamp_et": "2026-05-11T08:57:06.686730-04:00"
}
{
  "alpaca_cash": 100000.0,
  "alpaca_portfolio_value": 100000.0,
  "dry_run": false,
  "open_or_pending_positions": 0,
  "skipped": "no_action_window",
  "slot": "share_ext_0900",
  "timestamp_et": "2026-05-11T09:02:09.200854-04:00"
}
{
  "alpaca_cash": 100000.0,
  "alpaca_portfolio_value": 100000.0,
  "dry_run": false,
  "open_or_pending_positions": 0,
  "skipped": "no_action_window",
  "slot": "share_ext_0905",
  "timestamp_et": "2026-05-11T09:07:11.697874-04:00"
}
{
  "alpaca_cash": 100000.0,
  "alpaca_portfolio_value": 100000.0,
  "dry_run": false,
  "open_or_pending_positions": 0,
  "skipped": "no_action_window",
  "slot": "share_ext_0910",
  "timestamp_et": "2026-05-11T09:12:14.142767-04:00"
}
{
  "alpaca_cash": 100000.0,
  "alpaca_portfolio_value": 100000.0,
  "dry_run": false,
  "open_or_pending_positions": 0,
  "skipped": "no_action_window",
  "slot": "share_ext_0915",
  "timestamp_et": "2026-05-11T09:17:16.837681-04:00"
}
